0 info it worked if it ends with ok
1 verbose cli [ 'D:\\nodejs\\node.exe',
1 verbose cli   'D:\\nodejs\\node_modules\\npm\\bin\\npm-cli.js',
1 verbose cli   'install' ]
2 info using npm@3.10.10
3 info using node@v6.11.0
4 silly loadCurrentTree Starting
5 silly install loadCurrentTree
6 silly install readLocalPackageData
7 silly install normalizeTree
8 silly loadCurrentTree Finishing
9 silly loadIdealTree Starting
10 silly install loadIdealTree
11 silly cloneCurrentTree Starting
12 silly install cloneCurrentTreeToIdealTree
13 silly cloneCurrentTree Finishing
14 silly loadShrinkwrap Starting
15 silly install loadShrinkwrap
16 silly loadShrinkwrap Finishing
17 silly loadAllDepsIntoIdealTree Starting
18 silly install loadAllDepsIntoIdealTree
19 silly fetchNamedPackageData gulp-clean
20 silly mapToRegistry name gulp-clean
21 silly mapToRegistry using default registry
22 silly mapToRegistry registry http://172.31.198.187:7001/
23 silly mapToRegistry data Result {
23 silly mapToRegistry   raw: 'gulp-clean',
23 silly mapToRegistry   scope: null,
23 silly mapToRegistry   escapedName: 'gulp-clean',
23 silly mapToRegistry   name: 'gulp-clean',
23 silly mapToRegistry   rawSpec: '',
23 silly mapToRegistry   spec: 'latest',
23 silly mapToRegistry   type: 'tag' }
24 silly mapToRegistry uri http://172.31.198.187:7001/gulp-clean
25 silly fetchNamedPackageData gulp-copy2
26 silly mapToRegistry name gulp-copy2
27 silly mapToRegistry using default registry
28 silly mapToRegistry registry http://172.31.198.187:7001/
29 silly mapToRegistry data Result {
29 silly mapToRegistry   raw: 'gulp-copy2',
29 silly mapToRegistry   scope: null,
29 silly mapToRegistry   escapedName: 'gulp-copy2',
29 silly mapToRegistry   name: 'gulp-copy2',
29 silly mapToRegistry   rawSpec: '',
29 silly mapToRegistry   spec: 'latest',
29 silly mapToRegistry   type: 'tag' }
30 silly mapToRegistry uri http://172.31.198.187:7001/gulp-copy2
31 silly fetchNamedPackageData gulp-minify-css
32 silly mapToRegistry name gulp-minify-css
33 silly mapToRegistry using default registry
34 silly mapToRegistry registry http://172.31.198.187:7001/
35 silly mapToRegistry data Result {
35 silly mapToRegistry   raw: 'gulp-minify-css',
35 silly mapToRegistry   scope: null,
35 silly mapToRegistry   escapedName: 'gulp-minify-css',
35 silly mapToRegistry   name: 'gulp-minify-css',
35 silly mapToRegistry   rawSpec: '',
35 silly mapToRegistry   spec: 'latest',
35 silly mapToRegistry   type: 'tag' }
36 silly mapToRegistry uri http://172.31.198.187:7001/gulp-minify-css
37 silly fetchNamedPackageData jshint-stylish
38 silly mapToRegistry name jshint-stylish
39 silly mapToRegistry using default registry
40 silly mapToRegistry registry http://172.31.198.187:7001/
41 silly mapToRegistry data Result {
41 silly mapToRegistry   raw: 'jshint-stylish',
41 silly mapToRegistry   scope: null,
41 silly mapToRegistry   escapedName: 'jshint-stylish',
41 silly mapToRegistry   name: 'jshint-stylish',
41 silly mapToRegistry   rawSpec: '',
41 silly mapToRegistry   spec: 'latest',
41 silly mapToRegistry   type: 'tag' }
42 silly mapToRegistry uri http://172.31.198.187:7001/jshint-stylish
43 silly fetchNamedPackageData lodash
44 silly mapToRegistry name lodash
45 silly mapToRegistry using default registry
46 silly mapToRegistry registry http://172.31.198.187:7001/
47 silly mapToRegistry data Result {
47 silly mapToRegistry   raw: 'lodash',
47 silly mapToRegistry   scope: null,
47 silly mapToRegistry   escapedName: 'lodash',
47 silly mapToRegistry   name: 'lodash',
47 silly mapToRegistry   rawSpec: '',
47 silly mapToRegistry   spec: 'latest',
47 silly mapToRegistry   type: 'tag' }
48 silly mapToRegistry uri http://172.31.198.187:7001/lodash
49 verbose request uri http://172.31.198.187:7001/jshint-stylish
50 verbose request no auth needed
51 info attempt registry request try #1 at 17:11:44
52 verbose request id acfb0d1f55265e1e
53 http request GET http://172.31.198.187:7001/jshint-stylish
54 verbose request uri http://172.31.198.187:7001/gulp-copy2
55 verbose request no auth needed
56 info attempt registry request try #1 at 17:11:44
57 http request GET http://172.31.198.187:7001/gulp-copy2
58 verbose request uri http://172.31.198.187:7001/gulp-minify-css
59 verbose request no auth needed
60 info attempt registry request try #1 at 17:11:44
61 verbose etag "b73-AsebjqGqf45UrqnBkxwVAYFZ/p8"
62 http request GET http://172.31.198.187:7001/gulp-minify-css
63 verbose request uri http://172.31.198.187:7001/gulp-clean
64 verbose request no auth needed
65 info attempt registry request try #1 at 17:11:44
66 verbose etag "c02-oqUawyKCHRKnPcfkVh5wXyGGFr0"
67 http request GET http://172.31.198.187:7001/gulp-clean
68 http 404 http://172.31.198.187:7001/jshint-stylish
69 verbose headers { 'x-current-requests': '1',
69 verbose headers   'content-type': 'application/json; charset=utf-8',
69 verbose headers   'x-readtime': '15',
69 verbose headers   'content-length': '51',
69 verbose headers   date: 'Mon, 09 Oct 2017 09:12:50 GMT',
69 verbose headers   connection: 'keep-alive' }
70 silly get cb [ 404,
70 silly get   { 'x-current-requests': '1',
70 silly get     'content-type': 'application/json; charset=utf-8',
70 silly get     'x-readtime': '15',
70 silly get     'content-length': '51',
70 silly get     date: 'Mon, 09 Oct 2017 09:12:50 GMT',
70 silly get     connection: 'keep-alive' } ]
71 silly fetchPackageMetaData Error: 404 Not Found: jshint-stylish
71 silly fetchPackageMetaData     at makeError (D:\nodejs\node_modules\npm\node_modules\npm-registry-client\lib\request.js:302:12)
71 silly fetchPackageMetaData     at CachingRegistryClient.<anonymous> (D:\nodejs\node_modules\npm\node_modules\npm-registry-client\lib\request.js:288:14)
71 silly fetchPackageMetaData     at Request._callback (D:\nodejs\node_modules\npm\node_modules\npm-registry-client\lib\request.js:210:14)
71 silly fetchPackageMetaData     at Request.self.callback (D:\nodejs\node_modules\npm\node_modules\request\request.js:187:22)
71 silly fetchPackageMetaData     at emitTwo (events.js:106:13)
71 silly fetchPackageMetaData     at Request.emit (events.js:191:7)
71 silly fetchPackageMetaData     at Request.<anonymous> (D:\nodejs\node_modules\npm\node_modules\request\request.js:1048:10)
71 silly fetchPackageMetaData     at emitOne (events.js:96:13)
71 silly fetchPackageMetaData     at Request.emit (events.js:188:7)
71 silly fetchPackageMetaData     at IncomingMessage.<anonymous> (D:\nodejs\node_modules\npm\node_modules\request\request.js:969:12)
71 silly fetchPackageMetaData  error for jshint-stylish@^2.2.0 { Error: 404 Not Found: jshint-stylish
71 silly fetchPackageMetaData     at makeError (D:\nodejs\node_modules\npm\node_modules\npm-registry-client\lib\request.js:302:12)
71 silly fetchPackageMetaData     at CachingRegistryClient.<anonymous> (D:\nodejs\node_modules\npm\node_modules\npm-registry-client\lib\request.js:288:14)
71 silly fetchPackageMetaData     at Request._callback (D:\nodejs\node_modules\npm\node_modules\npm-registry-client\lib\request.js:210:14)
71 silly fetchPackageMetaData     at Request.self.callback (D:\nodejs\node_modules\npm\node_modules\request\request.js:187:22)
71 silly fetchPackageMetaData     at emitTwo (events.js:106:13)
71 silly fetchPackageMetaData     at Request.emit (events.js:191:7)
71 silly fetchPackageMetaData     at Request.<anonymous> (D:\nodejs\node_modules\npm\node_modules\request\request.js:1048:10)
71 silly fetchPackageMetaData     at emitOne (events.js:96:13)
71 silly fetchPackageMetaData     at Request.emit (events.js:188:7)
71 silly fetchPackageMetaData     at IncomingMessage.<anonymous> (D:\nodejs\node_modules\npm\node_modules\request\request.js:969:12) pkgid: 'jshint-stylish', statusCode: 404, code: 'E404' }
72 http 404 http://172.31.198.187:7001/gulp-copy2
73 verbose headers { 'x-current-requests': '1',
73 verbose headers   'content-type': 'application/json; charset=utf-8',
73 verbose headers   'x-readtime': '14',
73 verbose headers   'content-length': '51',
73 verbose headers   date: 'Mon, 09 Oct 2017 09:12:50 GMT',
73 verbose headers   connection: 'keep-alive' }
74 silly get cb [ 404,
74 silly get   { 'x-current-requests': '1',
74 silly get     'content-type': 'application/json; charset=utf-8',
74 silly get     'x-readtime': '14',
74 silly get     'content-length': '51',
74 silly get     date: 'Mon, 09 Oct 2017 09:12:50 GMT',
74 silly get     connection: 'keep-alive' } ]
75 silly fetchPackageMetaData Error: 404 Not Found: gulp-copy2
75 silly fetchPackageMetaData     at makeError (D:\nodejs\node_modules\npm\node_modules\npm-registry-client\lib\request.js:302:12)
75 silly fetchPackageMetaData     at CachingRegistryClient.<anonymous> (D:\nodejs\node_modules\npm\node_modules\npm-registry-client\lib\request.js:288:14)
75 silly fetchPackageMetaData     at Request._callback (D:\nodejs\node_modules\npm\node_modules\npm-registry-client\lib\request.js:210:14)
75 silly fetchPackageMetaData     at Request.self.callback (D:\nodejs\node_modules\npm\node_modules\request\request.js:187:22)
75 silly fetchPackageMetaData     at emitTwo (events.js:106:13)
75 silly fetchPackageMetaData     at Request.emit (events.js:191:7)
75 silly fetchPackageMetaData     at Request.<anonymous> (D:\nodejs\node_modules\npm\node_modules\request\request.js:1048:10)
75 silly fetchPackageMetaData     at emitOne (events.js:96:13)
75 silly fetchPackageMetaData     at Request.emit (events.js:188:7)
75 silly fetchPackageMetaData     at IncomingMessage.<anonymous> (D:\nodejs\node_modules\npm\node_modules\request\request.js:969:12)
75 silly fetchPackageMetaData  error for gulp-copy2@^0.2.0 { Error: 404 Not Found: gulp-copy2
75 silly fetchPackageMetaData     at makeError (D:\nodejs\node_modules\npm\node_modules\npm-registry-client\lib\request.js:302:12)
75 silly fetchPackageMetaData     at CachingRegistryClient.<anonymous> (D:\nodejs\node_modules\npm\node_modules\npm-registry-client\lib\request.js:288:14)
75 silly fetchPackageMetaData     at Request._callback (D:\nodejs\node_modules\npm\node_modules\npm-registry-client\lib\request.js:210:14)
75 silly fetchPackageMetaData     at Request.self.callback (D:\nodejs\node_modules\npm\node_modules\request\request.js:187:22)
75 silly fetchPackageMetaData     at emitTwo (events.js:106:13)
75 silly fetchPackageMetaData     at Request.emit (events.js:191:7)
75 silly fetchPackageMetaData     at Request.<anonymous> (D:\nodejs\node_modules\npm\node_modules\request\request.js:1048:10)
75 silly fetchPackageMetaData     at emitOne (events.js:96:13)
75 silly fetchPackageMetaData     at Request.emit (events.js:188:7)
75 silly fetchPackageMetaData     at IncomingMessage.<anonymous> (D:\nodejs\node_modules\npm\node_modules\request\request.js:969:12) pkgid: 'gulp-copy2', statusCode: 404, code: 'E404' }
76 verbose request uri http://172.31.198.187:7001/lodash
77 verbose request no auth needed
78 info attempt registry request try #1 at 17:11:44
79 verbose etag "1570-fd7FL7Yms63Js3q9mjrndPvhZ3s"
80 http request GET http://172.31.198.187:7001/lodash
81 http 404 http://172.31.198.187:7001/gulp-minify-css
82 verbose headers { 'x-current-requests': '1',
82 verbose headers   'content-type': 'application/json; charset=utf-8',
82 verbose headers   'x-readtime': '12',
82 verbose headers   'content-length': '51',
82 verbose headers   date: 'Mon, 09 Oct 2017 09:12:50 GMT',
82 verbose headers   connection: 'keep-alive' }
83 silly get cb [ 304, undefined ]
84 verbose etag http://172.31.198.187:7001/gulp-minify-css from cache
85 verbose get saving gulp-minify-css to C:\Users\qiumx\AppData\Roaming\npm-cache\172.31.198.187_7001\gulp-minify-css\.cache.json
86 verbose correctMkdir C:\Users\qiumx\AppData\Roaming\npm-cache correctMkdir not in flight; initializing
87 http 404 http://172.31.198.187:7001/gulp-clean
88 verbose headers { 'x-current-requests': '1',
88 verbose headers   'content-type': 'application/json; charset=utf-8',
88 verbose headers   'x-readtime': '9',
88 verbose headers   'content-length': '51',
88 verbose headers   date: 'Mon, 09 Oct 2017 09:12:50 GMT',
88 verbose headers   connection: 'keep-alive' }
89 silly get cb [ 304, undefined ]
90 verbose etag http://172.31.198.187:7001/gulp-clean from cache
91 verbose get saving gulp-clean to C:\Users\qiumx\AppData\Roaming\npm-cache\172.31.198.187_7001\gulp-clean\.cache.json
92 verbose correctMkdir C:\Users\qiumx\AppData\Roaming\npm-cache correctMkdir not in flight; initializing
93 http 200 http://172.31.198.187:7001/lodash
94 verbose headers { 'x-current-requests': '2',
94 verbose headers   'content-type': 'application/json; charset=utf-8',
94 verbose headers   etag: '"1ed3-n49HHHtE2dnk7mggFZE+f0FdPJE"',
94 verbose headers   'x-readtime': '8',
94 verbose headers   'content-length': '7891',
94 verbose headers   date: 'Mon, 09 Oct 2017 09:12:50 GMT',
94 verbose headers   connection: 'keep-alive' }
95 silly get cb [ 200,
95 silly get   { 'x-current-requests': '2',
95 silly get     'content-type': 'application/json; charset=utf-8',
95 silly get     etag: '"1ed3-n49HHHtE2dnk7mggFZE+f0FdPJE"',
95 silly get     'x-readtime': '8',
95 silly get     'content-length': '7891',
95 silly get     date: 'Mon, 09 Oct 2017 09:12:50 GMT',
95 silly get     connection: 'keep-alive' } ]
96 verbose get saving lodash to C:\Users\qiumx\AppData\Roaming\npm-cache\172.31.198.187_7001\lodash\.cache.json
97 verbose correctMkdir C:\Users\qiumx\AppData\Roaming\npm-cache correctMkdir not in flight; initializing
98 silly resolveWithNewModule gulp-minify-css@1.2.4 checking installable status
99 silly resolveWithNewModule gulp-clean@0.3.2 checking installable status
100 silly resolveWithNewModule lodash@4.16.6 checking installable status
101 silly rollbackFailedOptional Starting
102 silly rollbackFailedOptional Finishing
103 silly runTopLevelLifecycles Finishing
104 silly install printInstalled
105 verbose stack Error: 404 Not Found: jshint-stylish
105 verbose stack     at makeError (D:\nodejs\node_modules\npm\node_modules\npm-registry-client\lib\request.js:302:12)
105 verbose stack     at CachingRegistryClient.<anonymous> (D:\nodejs\node_modules\npm\node_modules\npm-registry-client\lib\request.js:288:14)
105 verbose stack     at Request._callback (D:\nodejs\node_modules\npm\node_modules\npm-registry-client\lib\request.js:210:14)
105 verbose stack     at Request.self.callback (D:\nodejs\node_modules\npm\node_modules\request\request.js:187:22)
105 verbose stack     at emitTwo (events.js:106:13)
105 verbose stack     at Request.emit (events.js:191:7)
105 verbose stack     at Request.<anonymous> (D:\nodejs\node_modules\npm\node_modules\request\request.js:1048:10)
105 verbose stack     at emitOne (events.js:96:13)
105 verbose stack     at Request.emit (events.js:188:7)
105 verbose stack     at IncomingMessage.<anonymous> (D:\nodejs\node_modules\npm\node_modules\request\request.js:969:12)
106 verbose statusCode 404
107 verbose pkgid jshint-stylish
108 verbose cwd D:\cfe-front\wukong-craft
109 error Windows_NT 6.1.7601
110 error argv "D:\\nodejs\\node.exe" "D:\\nodejs\\node_modules\\npm\\bin\\npm-cli.js" "install"
111 error node v6.11.0
112 error npm  v3.10.10
113 error code E404
114 error 404 Not Found: jshint-stylish
115 error 404
116 error 404 'jshint-stylish' is not in the npm registry.
117 error 404 You should bug the author to publish it (or use the name yourself!)
118 error 404 It was specified as a dependency of 'wukong-craft'
119 error 404 Note that you can also install from a
120 error 404 tarball, folder, http url, or git url.
121 verbose exit [ 1, true ]
